TN:
SF:src/index.ts
FN:73,<instance_members_initializer>
FN:79,FactoryBaseError
FN:103,NotFoundError
FN:112,AuthError
FN:121,ForbiddenError
FN:130,ValidationError
FN:139,InternalError
FN:148,RateLimitError
FN:158,isFactoryError
FN:165,toErrorResponse
FN:229,withErrorBoundary
FNF:11
FNH:11
FNDA:17,<instance_members_initializer>
FNDA:17,FactoryBaseError
FNDA:3,NotFoundError
FNDA:2,AuthError
FNDA:2,ForbiddenError
FNDA:4,ValidationError
FNDA:2,InternalError
FNDA:2,RateLimitError
FNDA:10,isFactoryError
FNDA:8,toErrorResponse
FNDA:2,withErrorBoundary
DA:1,1
DA:2,1
DA:3,1
DA:4,1
DA:5,1
DA:6,1
DA:7,1
DA:8,1
DA:9,1
DA:10,1
DA:11,1
DA:12,1
DA:13,1
DA:14,1
DA:15,1
DA:16,1
DA:17,1
DA:18,1
DA:19,1
DA:20,1
DA:21,1
DA:22,1
DA:23,1
DA:24,1
DA:25,1
DA:26,1
DA:27,1
DA:28,1
DA:29,1
DA:30,1
DA:31,1
DA:32,1
DA:33,1
DA:34,1
DA:35,1
DA:36,1
DA:37,1
DA:38,1
DA:39,1
DA:40,1
DA:41,1
DA:42,1
DA:43,1
DA:44,1
DA:45,1
DA:46,1
DA:47,1
DA:48,1
DA:49,1
DA:50,1
DA:51,1
DA:52,1
DA:53,1
DA:54,1
DA:55,1
DA:56,1
DA:57,1
DA:58,1
DA:59,1
DA:60,1
DA:61,1
DA:62,1
DA:63,1
DA:64,1
DA:65,1
DA:66,1
DA:67,1
DA:68,1
DA:69,1
DA:70,1
DA:71,1
DA:72,1
DA:73,1
DA:74,17
DA:75,17
DA:76,17
DA:77,17
DA:78,17
DA:79,17
DA:80,17
DA:81,17
DA:82,17
DA:83,17
DA:84,17
DA:85,17
DA:86,17
DA:87,17
DA:88,17
DA:89,17
DA:90,17
DA:91,17
DA:92,17
DA:93,17
DA:94,17
DA:95,17
DA:96,17
DA:97,17
DA:98,1
DA:99,1
DA:100,1
DA:101,1
DA:102,1
DA:103,1
DA:104,3
DA:105,3
DA:106,1
DA:107,1
DA:108,1
DA:109,1
DA:110,1
DA:111,1
DA:112,1
DA:113,2
DA:114,2
DA:115,1
DA:116,1
DA:117,1
DA:118,1
DA:119,1
DA:120,1
DA:121,1
DA:122,2
DA:123,2
DA:124,1
DA:125,1
DA:126,1
DA:127,1
DA:128,1
DA:129,1
DA:130,1
DA:131,4
DA:132,4
DA:133,1
DA:134,1
DA:135,1
DA:136,1
DA:137,1
DA:138,1
DA:139,1
DA:140,2
DA:141,2
DA:142,1
DA:143,1
DA:144,1
DA:145,1
DA:146,1
DA:147,1
DA:148,1
DA:149,2
DA:150,2
DA:151,1
DA:152,1
DA:153,1
DA:154,1
DA:155,1
DA:156,1
DA:157,1
DA:158,1
DA:159,10
DA:160,10
DA:161,1
DA:162,1
DA:163,1
DA:164,1
DA:165,1
DA:166,8
DA:167,8
DA:168,8
DA:169,3
DA:170,3
DA:171,3
DA:172,3
DA:173,3
DA:174,3
DA:175,3
DA:176,3
DA:177,3
DA:178,3
DA:179,2
DA:180,2
DA:181,2
DA:182,2
DA:183,2
DA:184,1
DA:185,3
DA:186,3
DA:187,5
DA:188,8
DA:189,2
DA:190,2
DA:191,2
DA:192,2
DA:193,2
DA:194,2
DA:195,2
DA:196,2
DA:197,2
DA:198,1
DA:199,1
DA:200,1
DA:201,1
DA:202,1
DA:203,1
DA:204,2
DA:205,2
DA:206,3
DA:207,3
DA:208,3
DA:209,3
DA:210,3
DA:211,3
DA:212,3
DA:213,3
DA:214,8
DA:215,8
DA:216,8
DA:217,1
DA:218,1
DA:219,1
DA:220,1
DA:221,1
DA:222,2
DA:223,8
DA:224,8
DA:225,1
DA:226,1
DA:227,1
DA:228,1
DA:229,1
DA:230,2
DA:231,2
DA:232,2
DA:233,2
DA:234,2
DA:235,2
DA:236,2
DA:237,2
DA:238,2
DA:239,2
DA:240,2
DA:241,2
DA:242,2
DA:243,2
DA:244,2
LF:244
LH:244
BRDA:73,0,0,17
BRDA:79,1,0,17
BRDA:103,2,0,3
BRDA:112,3,0,2
BRDA:121,4,0,2
BRDA:130,5,0,4
BRDA:139,6,0,2
BRDA:148,7,0,2
BRDA:158,8,0,10
BRDA:165,9,0,8
BRDA:168,10,0,3
BRDA:178,11,0,2
BRDA:183,12,0,1
BRDA:186,13,0,5
BRDA:188,14,0,2
BRDA:193,15,0,1
BRDA:197,16,0,1
BRDA:202,17,0,1
BRDA:205,18,0,3
BRDA:214,19,0,1
BRDA:214,20,0,2
BRDA:216,21,0,1
BRDA:221,22,0,2
BRDA:229,23,0,2
BRDA:230,24,0,2
BRDA:232,25,0,0
BRDA:237,26,0,1
BRDA:237,27,0,1
BRDA:239,28,0,0
BRF:29
BRH:27
end_of_record
